# JRE version: Java(TM) SE Runtime Environment (8.0_201-b09) (build 1.8.0_201-b09)
# Java VM: Java HotSpot(TM) 64-Bit Server VM (25.201-b09 mixed mode windows-amd64 compressed oops)
Heap:
 PSYoungGen      total 143872K, used 12847K [0x00000000eb500000, 0x00000000f7300000, 0x0000000100000000)
  eden space 132096K, 4% used [0x00000000eb500000,0x00000000ebb01b28,0x00000000f3600000)
  from space 11776K, 56% used [0x00000000f3600000,0x00000000f3c8a170,0x00000000f4180000)
  to   space 11776K, 0% used [0x00000000f6780000,0x00000000f6780000,0x00000000f7300000)
 ParOldGen       total 50176K, used 19576K [0x00000000c1e00000, 0x00000000c4f00000, 0x00000000eb500000)
  object space 50176K, 39% used [0x00000000c1e00000,0x00000000c311e020,0x00000000c4f00000)
 Metaspace       used 44103K, capacity 47498K, committed 47704K, reserved 1089536K
  class space    used 6107K, capacity 6654K, committed 6744K, reserved 1048576K
GC Heap History (10 events):
Event: 6.593 GC heap before
{Heap before GC invocations=9 (full 1):
 PSYoungGen      total 72192K, used 72173K [0x00000000eb500000, 0x00000000f2a80000, 0x0000000100000000)
  eden space 65024K, 100% used [0x00000000eb500000,0x00000000ef480000,0x00000000ef480000)
  from space 7168K, 99% used [0x00000000ef480000,0x00000000efb7b4e0,0x00000000efb80000)
  to   space 8192K, 0% used [0x00000000f2280000,0x00000000f2280000,0x00000000f2a80000)
 ParOldGen       total 36352K, used 9368K [0x00000000c1e00000, 0x00000000c4180000, 0x00000000eb500000)
  object space 36352K, 25% used [0x00000000c1e00000,0x00000000c2726238,0x00000000c4180000)
 Metaspace       used 31420K, capacity 33308K, committed 33536K, reserved 1079296K
  class space    used 4207K, capacity 4551K, committed 4608K, reserved 1048576K
Event: 6.623 GC heap after
Heap after GC invocations=9 (full 1):
 PSYoungGen      total 110080K, used 8177K [0x00000000eb500000, 0x00000000f2b80000, 0x0000000100000000)
  eden space 101888K, 0% used [0x00000000eb500000,0x00000000eb500000,0x00000000f1880000)
  from space 8192K, 99% used [0x00000000f2280000,0x00000000f2a7c478,0x00000000f2a80000)
  to   space 9728K, 0% used [0x00000000f1880000,0x00000000f1880000,0x00000000f2200000)
 ParOldGen       total 36352K, used 10203K [0x00000000c1e00000, 0x00000000c4180000, 0x00000000eb500000)
  object space 36352K, 28% used [0x00000000c1e00000,0x00000000c27f6e88,0x00000000c4180000)
 Metaspace       used 31420K, capacity 33308K, committed 33536K, reserved 1079296K
  class space    used 4207K, capacity 4551K, committed 4608K, reserved 1048576K
}
Event: 8.003 GC heap before
{Heap before GC invocations=10 (full 1):
 PSYoungGen      total 110080K, used 30981K [0x00000000eb500000, 0x00000000f2b80000, 0x0000000100000000)
  eden space 101888K, 22% used [0x00000000eb500000,0x00000000ecb44ff0,0x00000000f1880000)
  from space 8192K, 99% used [0x00000000f2280000,0x00000000f2a7c478,0x00000000f2a80000)
  to   space 9728K, 0% used [0x00000000f1880000,0x00000000f1880000,0x00000000f2200000)
 ParOldGen       total 36352K, used 10203K [0x00000000c1e00000, 0x00000000c4180000, 0x00000000eb500000)
  object space 36352K, 28% used [0x00000000c1e00000,0x00000000c27f6e88,0x00000000c4180000)
 Metaspace       used 33394K, capacity 35272K, committed 35416K, reserved 1079296K
  class space    used 4499K, capacity 4879K, committed 4952K, reserved 1048576K
Event: 8.015 GC heap after
Heap after GC invocations=10 (full 1):
 PSYoungGen      total 111616K, used 7326K [0x00000000eb500000, 0x00000000f4d00000, 0x0000000100000000)
  eden space 101888K, 0% used [0x00000000eb500000,0x00000000eb500000,0x00000000f1880000)
  from space 9728K, 75% used [0x00000000f1880000,0x00000000f1fa7bc0,0x00000000f2200000)
  to   space 10240K, 0% used [0x00000000f4300000,0x00000000f4300000,0x00000000f4d00000)
 ParOldGen       total 36352K, used 10211K [0x00000000c1e00000, 0x00000000c4180000, 0x00000000eb500000)
  object space 36352K, 28% used [0x00000000c1e00000,0x00000000c27f8e88,0x00000000c4180000)
 Metaspace       used 33394K, capacity 35272K, committed 35416K, reserved 1079296K
  class space    used 4499K, capacity 4879K, committed 4952K, reserved 1048576K
}
Event: 8.015 GC heap before
{Heap before GC invocations=11 (full 2):
 PSYoungGen      total 111616K, used 7326K [0x00000000eb500000, 0x00000000f4d00000, 0x0000000100000000)
  eden space 101888K, 0% used [0x00000000eb500000,0x00000000eb500000,0x00000000f1880000)
  from space 9728K, 75% used [0x00000000f1880000,0x00000000f1fa7bc0,0x00000000f2200000)
  to   space 10240K, 0% used [0x00000000f4300000,0x00000000f4300000,0x00000000f4d00000)
 ParOldGen       total 36352K, used 10211K [0x00000000c1e00000, 0x00000000c4180000, 0x00000000eb500000)
  object space 36352K, 28% used [0x00000000c1e00000,0x00000000c27f8e88,0x00000000c4180000)
 Metaspace       used 33394K, capacity 35272K, committed 35416K, reserved 1079296K
  class space    used 4499K, capacity 4879K, committed 4952K, reserved 1048576K
Event: 8.088 GC heap after
Heap after GC invocations=11 (full 2):
 PSYoungGen      total 111616K, used 0K [0x00000000eb500000, 0x00000000f4d00000, 0x0000000100000000)
  eden space 101888K, 0% used [0x00000000eb500000,0x00000000eb500000,0x00000000f1880000)
  from space 9728K, 0% used [0x00000000f1880000,0x00000000f1880000,0x00000000f2200000)
  to   space 10240K, 0% used [0x00000000f4300000,0x00000000f4300000,0x00000000f4d00000)
 ParOldGen       total 50176K, used 11835K [0x00000000c1e00000, 0x00000000c4f00000, 0x00000000eb500000)
  object space 50176K, 23% used [0x00000000c1e00000,0x00000000c298ec48,0x00000000c4f00000)
 Metaspace       used 33394K, capacity 35272K, committed 35416K, reserved 1079296K
  class space    used 4499K, capacity 4879K, committed 4952K, reserved 1048576K
}
Event: 10.111 GC heap before
{Heap before GC invocations=12 (full 2):
 PSYoungGen      total 111616K, used 101888K [0x00000000eb500000, 0x00000000f4d00000, 0x0000000100000000)
  eden space 101888K, 100% used [0x00000000eb500000,0x00000000f1880000,0x00000000f1880000)
  from space 9728K, 0% used [0x00000000f1880000,0x00000000f1880000,0x00000000f2200000)
  to   space 10240K, 0% used [0x00000000f4300000,0x00000000f4300000,0x00000000f4d00000)
 ParOldGen       total 50176K, used 11835K [0x00000000c1e00000, 0x00000000c4f00000, 0x00000000eb500000)
  object space 50176K, 23% used [0x00000000c1e00000,0x00000000c298ec48,0x00000000c4f00000)
 Metaspace       used 40184K, capacity 43064K, committed 43096K, reserved 1087488K
  class space    used 5470K, capacity 5963K, committed 5976K, reserved 1048576K
Event: 10.127 GC heap after
Heap after GC invocations=12 (full 2):
 PSYoungGen      total 142336K, used 10225K [0x00000000eb500000, 0x00000000f4d00000, 0x0000000100000000)
  eden space 132096K, 0% used [0x00000000eb500000,0x00000000eb500000,0x00000000f3600000)
  from space 10240K, 99% used [0x00000000f4300000,0x00000000f4cfc7c8,0x00000000f4d00000)
  to   space 11776K, 0% used [0x00000000f3600000,0x00000000f3600000,0x00000000f4180000)
 ParOldGen       total 50176K, used 13322K [0x00000000c1e00000, 0x00000000c4f00000, 0x00000000eb500000)
  object space 50176K, 26% used [0x00000000c1e00000,0x00000000c2b02b60,0x00000000c4f00000)
 Metaspace       used 40184K, capacity 43064K, committed 43096K, reserved 1087488K
  class space    used 5470K, capacity 5963K, committed 5976K, reserved 1048576K
}
Event: 12.516 GC heap before
{Heap before GC invocations=13 (full 2):
 PSYoungGen      total 142336K, used 142321K [0x00000000eb500000, 0x00000000f4d00000, 0x0000000100000000)
  eden space 132096K, 100% used [0x00000000eb500000,0x00000000f3600000,0x00000000f3600000)
  from space 10240K, 99% used [0x00000000f4300000,0x00000000f4cfc7c8,0x00000000f4d00000)
  to   space 11776K, 0% used [0x00000000f3600000,0x00000000f3600000,0x00000000f4180000)
 ParOldGen       total 50176K, used 13322K [0x00000000c1e00000, 0x00000000c4f00000, 0x00000000eb500000)
  object space 50176K, 26% used [0x00000000c1e00000,0x00000000c2b02b60,0x00000000c4f00000)
 Metaspace       used 43922K, capacity 47332K, committed 47704K, reserved 1089536K
  class space    used 6067K, capacity 6621K, committed 6744K, reserved 1048576K
Event: 12.547 GC heap after
Heap after GC invocations=13 (full 2):
 PSYoungGen      total 143872K, used 6696K [0x00000000eb500000, 0x00000000f7300000, 0x0000000100000000)
  eden space 132096K, 0% used [0x00000000eb500000,0x00000000eb500000,0x00000000f3600000)
  from space 11776K, 56% used [0x00000000f3600000,0x00000000f3c8a170,0x00000000f4180000)
  to   space 11776K, 0% used [0x00000000f6780000,0x00000000f6780000,0x00000000f7300000)
 ParOldGen       total 50176K, used 19576K [0x00000000c1e00000, 0x00000000c4f00000, 0x00000000eb500000)
  object space 50176K, 39% used [0x00000000c1e00000,0x00000000c311e020,0x00000000c4f00000)
 Metaspace       used 43922K, capacity 47332K, committed 47704K, reserved 1089536K
  class space    used 6067K, capacity 6621K, committed 6744K, reserved 1048576K
}

